<?xml version="1.0" encoding="UTF-8"?>
<!-- Generated by org.testng.reporters.JUnitXMLReporter -->
<testsuite hostname="DESKTOP-DCKG41Q" ignored="1" tests="12" failures="0" timestamp="27 Feb 2017 19:22:03 GMT" time="0.08" errors="0">
  <testcase name="Add" time="0.011" classname="CalculatorTest"/>
  <testcase name="Add" time="0.001" classname="CalculatorTest"/>
  <testcase name="Add" time="0.001" classname="CalculatorTest"/>
  <testcase name="Add" time="0.003" classname="CalculatorTest"/>
  <testcase name="Divide" time="0.003" classname="CalculatorTest"/>
  <testcase name="IsPrime" time="0.002" classname="CalculatorTest"/>
  <testcase name="IsPrime" time="0.001" classname="CalculatorTest"/>
  <testcase name="IsPrime" time="0.001" classname="CalculatorTest"/>
  <testcase name="IsPrime" time="0.001" classname="CalculatorTest"/>
  <testcase name="IsPrime" time="0.002" classname="CalculatorTest"/>
  <testcase name="Subtract" time="0.001" classname="CalculatorTest"/>
  <testcase name="Multiplication" time="0.001" classname="CalculatorTest"/>
  <testcase name="Calculator" time="0.0" classname="CalculatorTest">
    <ignored/>
  </testcase> <!-- Calculator -->
</testsuite>
